12:00:22,905 106589 [RMI TCP Connection(5)-127.0.0.1] INFO  org.springframework.boot.admin.SpringApplicationAdminMXBeanRegistrar$SpringApplicationAdmin  - Application shutdown requested.
12:00:25,571 0    [main] INFO  com.tmt.EmalApiApplication  - Starting EmalApiApplication using Java 17.0.7 on SAYAKSINGHA with PID 9964 (C:\Users\Sayak Singha\Downloads\EmalApi\target\classes started by Sayak Singha in C:\Users\Sayak Singha\Downloads\EmalApi)
12:00:25,578 7    [main] INFO  com.tmt.EmalApiApplication  - No active profile set, falling back to 1 default profile: "default"
12:00:26,539 968  [main] INFO  org.springframework.boot.web.embedded.tomcat.TomcatWebServer  - Tomcat initialized with port(s): 9090 (http)
12:00:26,742 1171 [main] INFO  org.springframework.boot.web.servlet.context.ServletWebServerApplicationContext  - Root WebApplicationContext: initialization completed in 1111 ms
12:00:27,684 2113 [main] INFO  org.springframework.boot.web.embedded.tomcat.TomcatWebServer  - Tomcat started on port(s): 9090 (http) with context path ''
12:00:27,707 2136 [main] INFO  com.tmt.EmalApiApplication  - Started EmalApiApplication in 2.499 seconds (JVM running for 3.232)
12:00:28,761 3190 [http-nio-9090-exec-2] INFO  org.springframework.web.servlet.DispatcherServlet  - Initializing Servlet 'dispatcherServlet'
12:00:28,762 3191 [http-nio-9090-exec-2] INFO  org.springframework.web.servlet.DispatcherServlet  - Completed initialization in 1 ms
12:00:28,901 3330 [http-nio-9090-exec-2] INFO  com.tmt.service.EmailService  - Request started
12:00:28,914 3343 [http-nio-9090-exec-2] INFO  com.tmt.service.EmailService  - verifying To list
12:00:28,917 3346 [http-nio-9090-exec-2] INFO  com.tmt.service.EmailService  - Set all 'To' recipients
12:00:28,918 3347 [http-nio-9090-exec-2] INFO  com.tmt.service.EmailService  - verifying Bcc list
12:00:28,918 3347 [http-nio-9090-exec-2] INFO  com.tmt.service.EmailService  - Set all 'Bcc' recipients
12:00:28,919 3348 [http-nio-9090-exec-2] INFO  com.tmt.service.EmailService  - verifying Cc list
12:00:28,919 3348 [http-nio-9090-exec-2] INFO  com.tmt.service.EmailService  - Set all 'Cc' recipients
12:00:28,919 3348 [http-nio-9090-exec-2] INFO  com.tmt.service.EmailService  - Checking all attachments
12:00:30,914 5343 [http-nio-9090-exec-2] ERROR com.tmt.service.EmailService  - Error in email sending process: Authentication failed; nested exception is javax.mail.AuthenticationFailedException: 534-5.7.9 Application-specific password required. Learn more at
534 5.7.9  https://support.google.com/mail/?p=InvalidSecondFactor y126-20020a62ce84000000b006930db1e6cfsm12262414pfg.62 - gsmtp

12:00:30,915 5344 [http-nio-9090-exec-2] INFO  EVR.Success  - 2023/11/10 12:00:28|1001|1|2001|120||dhrubosinha2@gmail.com|sayaksingha987@gmail.com|poorneshs166@gmail.com|Email from Server|I am server|[C:\Users\Sayak Singha\Pictures\Screenshot 2023-09-25 162552.png]|false
12:02:31,082 125511 [RMI TCP Connection(4)-127.0.0.1] INFO  org.springframework.boot.admin.SpringApplicationAdminMXBeanRegistrar$SpringApplicationAdmin  - Application shutdown requested.
12:02:33,212 0    [main] INFO  com.tmt.EmalApiApplication  - Starting EmalApiApplication using Java 17.0.7 on SAYAKSINGHA with PID 13088 (C:\Users\Sayak Singha\Downloads\EmalApi\target\classes started by Sayak Singha in C:\Users\Sayak Singha\Downloads\EmalApi)
12:02:33,214 2    [main] INFO  com.tmt.EmalApiApplication  - No active profile set, falling back to 1 default profile: "default"
12:02:34,097 885  [main] INFO  org.springframework.boot.web.embedded.tomcat.TomcatWebServer  - Tomcat initialized with port(s): 9090 (http)
12:02:34,243 1031 [main] INFO  org.springframework.boot.web.servlet.context.ServletWebServerApplicationContext  - Root WebApplicationContext: initialization completed in 977 ms
12:02:34,561 1349 [main] INFO  org.springframework.boot.web.embedded.tomcat.TomcatWebServer  - Tomcat started on port(s): 9090 (http) with context path ''
12:02:34,571 1359 [main] INFO  com.tmt.EmalApiApplication  - Started EmalApiApplication in 1.7 seconds (JVM running for 2.404)
12:02:40,886 7674 [http-nio-9090-exec-1] INFO  org.springframework.web.servlet.DispatcherServlet  - Initializing Servlet 'dispatcherServlet'
12:02:40,887 7675 [http-nio-9090-exec-1] INFO  org.springframework.web.servlet.DispatcherServlet  - Completed initialization in 1 ms
12:02:41,010 7798 [http-nio-9090-exec-1] INFO  com.tmt.service.EmailService  - Request started
12:02:41,027 7815 [http-nio-9090-exec-1] INFO  com.tmt.service.EmailService  - verifying To list
12:02:41,029 7817 [http-nio-9090-exec-1] INFO  com.tmt.service.EmailService  - Set all 'To' recipients
12:02:41,030 7818 [http-nio-9090-exec-1] INFO  com.tmt.service.EmailService  - verifying Bcc list
12:02:41,030 7818 [http-nio-9090-exec-1] INFO  com.tmt.service.EmailService  - Set all 'Bcc' recipients
12:02:41,031 7819 [http-nio-9090-exec-1] INFO  com.tmt.service.EmailService  - verifying Cc list
12:02:41,031 7819 [http-nio-9090-exec-1] INFO  com.tmt.service.EmailService  - Set all 'Cc' recipients
12:02:41,031 7819 [http-nio-9090-exec-1] INFO  com.tmt.service.EmailService  - Checking all attachments
12:02:45,414 12202 [http-nio-9090-exec-1] INFO  com.tmt.service.EmailService  - Email successfully sent
12:02:45,416 12204 [http-nio-9090-exec-1] INFO  com.tmt.service.EmailService  - Request completed
12:02:45,416 12204 [http-nio-9090-exec-1] INFO  EVR.Success  - 2023/11/10 12:02:40|1000|0|2000|120||dhrubosinha2@gmail.com|sayaksingha987@gmail.com|poorneshs166@gmail.com|Email from Server|I am server|[C:\Users\Sayak Singha\Pictures\Screenshot 2023-09-25 162552.png]|true
12:46:24,735 2631523 [http-nio-9090-exec-4] INFO  com.tmt.service.EmailService  - Request started
12:46:24,737 2631525 [http-nio-9090-exec-4] INFO  com.tmt.service.EmailService  - verifying To list
12:46:24,737 2631525 [http-nio-9090-exec-4] INFO  com.tmt.service.EmailService  - Set all 'To' recipients
12:46:24,738 2631526 [http-nio-9090-exec-4] INFO  com.tmt.service.EmailService  - verifying Bcc list
12:46:24,738 2631526 [http-nio-9090-exec-4] INFO  com.tmt.service.EmailService  - Set all 'Bcc' recipients
12:46:24,738 2631526 [http-nio-9090-exec-4] INFO  com.tmt.service.EmailService  - verifying Cc list
12:46:24,738 2631526 [http-nio-9090-exec-4] INFO  com.tmt.service.EmailService  -  is invalid
12:46:24,738 2631526 [http-nio-9090-exec-4] WARN  com.tmt.service.EmailService  - No valid 'Cc' email addresses provided.
12:46:24,738 2631526 [http-nio-9090-exec-4] INFO  com.tmt.service.EmailService  - Checking all attachments
12:46:24,739 2631527 [http-nio-9090-exec-4] WARN  com.tmt.service.EmailService  - Attachment file does not exist: /home/wtda/reports/Transd_2023-10-04_pid1_Ext_03-10-2023-WMC_KIOSK_SERVICE.csv
12:46:28,356 2635144 [http-nio-9090-exec-4] INFO  com.tmt.service.EmailService  - Email successfully sent
12:46:28,356 2635144 [http-nio-9090-exec-4] INFO  com.tmt.service.EmailService  - Request completed
12:46:28,357 2635145 [http-nio-9090-exec-4] INFO  EVR.Success  - 2023/11/10 12:46:24|1000|0|2000|120||sayak.s@tayana.in|amogh.nb@tayana.in||Email from Server|I am server|[/home/wtda/reports/Transd_2023-10-04_pid1_Ext_03-10-2023-WMC_KIOSK_SERVICE.csv]|true
12:52:58,479 3025267 [RMI TCP Connection(53)-127.0.0.1] INFO  org.springframework.boot.admin.SpringApplicationAdminMXBeanRegistrar$SpringApplicationAdmin  - Application shutdown requested.
12:53:01,763 0    [main] INFO  com.tmt.EmalApiApplication  - Starting EmalApiApplication using Java 17.0.7 on SAYAKSINGHA with PID 18168 (C:\Users\Sayak Singha\Downloads\EmalApi\target\classes started by Sayak Singha in C:\Users\Sayak Singha\Downloads\EmalApi)
12:53:01,765 2    [main] INFO  com.tmt.EmalApiApplication  - No active profile set, falling back to 1 default profile: "default"
12:53:02,680 917  [main] INFO  org.springframework.boot.web.embedded.tomcat.TomcatWebServer  - Tomcat initialized with port(s): 9090 (http)
12:53:02,794 1031 [main] INFO  org.springframework.boot.web.servlet.context.ServletWebServerApplicationContext  - Root WebApplicationContext: initialization completed in 977 ms
12:53:03,200 1437 [main] INFO  org.springframework.boot.web.embedded.tomcat.TomcatWebServer  - Tomcat started on port(s): 9090 (http) with context path ''
12:53:03,209 1446 [main] INFO  com.tmt.EmalApiApplication  - Started EmalApiApplication in 1.79 seconds (JVM running for 2.721)
12:53:06,515 4752 [http-nio-9090-exec-2] INFO  org.springframework.web.servlet.DispatcherServlet  - Initializing Servlet 'dispatcherServlet'
12:53:06,518 4755 [http-nio-9090-exec-2] INFO  org.springframework.web.servlet.DispatcherServlet  - Completed initialization in 3 ms
12:53:06,640 4877 [http-nio-9090-exec-2] INFO  com.tmt.service.EmailService  - Request started
12:53:06,655 4892 [http-nio-9090-exec-2] INFO  com.tmt.service.EmailService  - verifying To list
12:53:06,656 4893 [http-nio-9090-exec-2] INFO  com.tmt.service.EmailService  - Set all 'To' recipients
12:53:06,657 4894 [http-nio-9090-exec-2] INFO  com.tmt.service.EmailService  - verifying Bcc list
12:53:06,657 4894 [http-nio-9090-exec-2] INFO  com.tmt.service.EmailService  - Set all 'Bcc' recipients
12:53:06,657 4894 [http-nio-9090-exec-2] INFO  com.tmt.service.EmailService  - verifying Cc list
12:53:06,657 4894 [http-nio-9090-exec-2] INFO  com.tmt.service.EmailService  -  is invalid
12:53:06,657 4894 [http-nio-9090-exec-2] WARN  com.tmt.service.EmailService  - No valid 'Cc' email addresses provided.
12:53:06,657 4894 [http-nio-9090-exec-2] INFO  com.tmt.service.EmailService  - Checking all attachments
12:53:06,658 4895 [http-nio-9090-exec-2] WARN  com.tmt.service.EmailService  - Attachment file does not exist: /home/wtda/reports/Transd_2023-10-04_pid1_Ext_03-10-2023-WMC_KIOSK_SERVICE.csv
12:53:11,023 9260 [http-nio-9090-exec-2] INFO  com.tmt.service.EmailService  - Email successfully sent
12:53:11,023 9260 [http-nio-9090-exec-2] INFO  com.tmt.service.EmailService  - Request completed
12:53:11,024 9261 [http-nio-9090-exec-2] INFO  EVR.Success  - 2023/11/10 12:53:06|1000|0|2000|120||sayak.s@tayana.in|amogh.nb@tayana.in||Email from Server|I am server|[/home/wtda/reports/Transd_2023-10-04_pid1_Ext_03-10-2023-WMC_KIOSK_SERVICE.csv]|true
